#
# There is insufficient memory for the Java Runtime Environment to continue.
# Native memory allocation (malloc) failed to allocate 1048576 bytes for AllocateHeap
# Possible reasons:
#   The system is out of physical RAM or swap space
#   The process is running with CompressedOops enabled, and the Java Heap may be blocking the growth of the native heap
# Possible solutions:
#   Reduce memory load on the system
#   Increase physical memory or swap space
#   Check if swap backing store is full
#   Decrease Java heap size (-Xmx/-Xms)
#   Decrease number of Java threads
#   Decrease Java thread stack sizes (-Xss)
#   Set larger code cache with -XX:ReservedCodeCacheSize=
#   JVM is running with Zero Based Compressed Oops mode in which the Java heap is
#     placed in the first 32GB address space. The Java Heap base address is the
#     maximum limit for the native heap growth. Please use -XX:HeapBaseMinAddress
#     to set the Java Heap base and to place the Java Heap above 32GB virtual address.
# This output file may be truncated or incomplete.
#
#  Out of Memory Error (allocation.cpp:44), pid=11300, tid=11284
#
# JRE version:  (17.0.6+10) (build )
# Java VM: OpenJDK 64-Bit Server VM (17.0.6+10-b829.9, mixed mode, sharing, tiered, compressed oops, compressed class ptrs, g1 gc, windows-amd64)
# No core dump will be written. Minidumps are not enabled by default on client versions of Windows
#

---------------  S U M M A R Y ------------

Command Line: -javaagent:C:\Users\aluno\AppData\Local\JetBrains\IntelliJ IDEA Community Edition 2022.3.3\lib\idea_rt.jar=52867:C:\Users\aluno\AppData\Local\JetBrains\IntelliJ IDEA Community Edition 2022.3.3\bin -Dfile.encoding=UTF-8 exercicio03.Main

Host: Intel(R) Core(TM) i7-10700T CPU @ 2.00GHz, 16 cores, 15G,  Windows 10 , 64 bit Build 19041 (10.0.19041.2788)
Time: Fri Apr 28 20:59:25 2023 Hora oficial do Brasil elapsed time: 0.013501 seconds (0d 0h 0m 0s)

---------------  T H R E A D  ---------------

Current thread (0x0000023f7b17d310):  JavaThread "Unknown thread" [_thread_in_vm, id=11284, stack(0x000000c781d00000,0x000000c781e00000)]

Stack: [0x000000c781d00000,0x000000c781e00000]
Native frames: (J=compiled Java code, j=interpreted, Vv=VM code, C=native code)
V  [jvm.dll+0x683c5a]


---------------  P R O C E S S  ---------------

Threads class SMR info:
_java_thread_list=0x00007ff8b02cc058, length=0, elements={
}

Java Threads: ( => current thread )

Other Threads:
  0x0000023f7b1e9120 GCTaskThread "GC Thread#0" [stack: 0x000000c781e00000,0x000000c781f00000] [id=12908]

[error occurred during error reporting (printing all threads), id 0xc0000005, EXCEPTION_ACCESS_VIOLATION (0xc0000005) at pc=0x00007ff8afa7dd70]

VM state: not at safepoint (not fully initialized)

VM Mutex/Monitor currently owned by a thread:  ([mutex/lock_event])
[0x0000023f7b178ff0] Heap_lock - owner thread: 0x0000023f7b17d310

Heap address: 0x0000000704600000, size: 4026 MB, Compressed Oops mode: Zero based, Oop shift amount: 3

CDS archive(s) mapped at: [0x0000000000000000-0x0000000000000000-0x0000000000000000), size 0, SharedBaseAddress: 0x0000000800000000, ArchiveRelocationMode: 0.
Narrow klass base: 0x0000000000000000, Narrow klass shift: 0, Narrow klass range: 0x0

GC Precious Log:
<Empty>

Heap:
 garbage-first heap   total 0K, used 0K [0x0000000704600000, 0x0000000800000000)
  region size 2048K, 0 young (0K), 0 survivors (0K)

[error occurred during error reporting (printing heap information), id 0xc0000005, EXCEPTION_ACCESS_VIOLATION (0xc0000005) at pc=0x00007ff8afe6da49]

GC Heap History (0 events):
No events

Dll operation events (1 events):
Event: 0.009 Loaded shared library C:\Users\aluno\.jdks\jbr-17.0.6\bin\java.dll

Deoptimization events (0 events):
No events

Classes unloaded (0 events):
No events

Classes redefined (0 events):
No events

Internal exceptions (0 events):
No events

VM Operations (0 events):
No events

Events (0 events):
No events


Dynamic libraries:
0x00007ff7333d0000 - 0x00007ff7333da000 	C:\Users\aluno\.jdks\jbr-17.0.6\bin\java.exe
0x00007ff8e3bf0000 - 0x00007ff8e3de8000 	C:\Windows\SYSTEM32\ntdll.dll
0x00007ff8e1d80000 - 0x00007ff8e1e3f000 	C:\Windows\System32\KERNEL32.DLL
0x00007ff8e15f0000 - 0x00007ff8e18ca000 	C:\Windows\System32\KERNELBASE.dll
0x00007ff8e19c0000 - 0x00007ff8e1ac0000 	C:\Windows\System32\ucrtbase.dll
0x00007ff8d6ee0000 - 0x00007ff8d6ef7000 	C:\Users\aluno\.jdks\jbr-17.0.6\bin\jli.dll
0x00007ff8d5a90000 - 0x00007ff8d5aab000 	C:\Users\aluno\.jdks\jbr-17.0.6\bin\VCRUNTIME140.dll
0x00007ff8e20c0000 - 0x00007ff8e225d000 	C:\Windows\System32\USER32.dll
0x00007ff8e1ac0000 - 0x00007ff8e1ae2000 	C:\Windows\System32\win32u.dll
0x00007ff8c8d00000 - 0x00007ff8c8f9a000 	C:\Windows\WinSxS\amd64_microsoft.windows.common-controls_6595b64144ccf1df_6.0.19041.1110_none_60b5254171f9507e\COMCTL32.dll
0x00007ff8e1f70000 - 0x00007ff8e1f9b000 	C:\Windows\System32\GDI32.dll
0x00007ff8e1fa0000 - 0x00007ff8e203e000 	C:\Windows\System32\msvcrt.dll
0x00007ff8e1300000 - 0x00007ff8e1410000 	C:\Windows\System32\gdi32full.dll
0x00007ff8e1410000 - 0x00007ff8e14ad000 	C:\Windows\System32\msvcp_win.dll
0x00007ff8e24b0000 - 0x00007ff8e24e0000 	C:\Windows\System32\IMM32.DLL
0x00007ff8d9810000 - 0x00007ff8d981c000 	C:\Users\aluno\.jdks\jbr-17.0.6\bin\vcruntime140_1.dll
0x00007ff8d56c0000 - 0x00007ff8d574d000 	C:\Users\aluno\.jdks\jbr-17.0.6\bin\msvcp140.dll
0x00007ff8af790000 - 0x00007ff8b03fe000 	C:\Users\aluno\.jdks\jbr-17.0.6\bin\server\jvm.dll
0x00007ff8e3480000 - 0x00007ff8e352e000 	C:\Windows\System32\ADVAPI32.dll
0x00007ff8e2c10000 - 0x00007ff8e2cac000 	C:\Windows\System32\sechost.dll
0x00007ff8e1c50000 - 0x00007ff8e1d76000 	C:\Windows\System32\RPCRT4.dll
0x00007ff8dacf0000 - 0x00007ff8dacfa000 	C:\Windows\SYSTEM32\VERSION.dll
0x00007ff8cbe80000 - 0x00007ff8cbea7000 	C:\Windows\SYSTEM32\WINMM.dll
0x00007ff8ddb80000 - 0x00007ff8ddb89000 	C:\Windows\SYSTEM32\WSOCK32.dll
0x00007ff8e3b40000 - 0x00007ff8e3bab000 	C:\Windows\System32\WS2_32.dll
0x00007ff8df120000 - 0x00007ff8df132000 	C:\Windows\SYSTEM32\kernel.appcore.dll
0x00007ff8d7c50000 - 0x00007ff8d7c5a000 	C:\Users\aluno\.jdks\jbr-17.0.6\bin\jimage.dll
0x00007ff8cb9a0000 - 0x00007ff8cbb84000 	C:\Windows\SYSTEM32\DBGHELP.DLL
0x00007ff8cb4d0000 - 0x00007ff8cb504000 	C:\Windows\SYSTEM32\dbgcore.DLL
0x00007ff8e14b0000 - 0x00007ff8e1532000 	C:\Windows\System32\bcryptPrimitives.dll
0x00007ff8d5bb0000 - 0x00007ff8d5bbe000 	C:\Users\aluno\.jdks\jbr-17.0.6\bin\instrument.dll
0x00007ff8d5860000 - 0x00007ff8d5885000 	C:\Users\aluno\.jdks\jbr-17.0.6\bin\java.dll

dbghelp: loaded successfully - version: 4.0.5 - missing functions: none
symbol engine: initialized successfully - sym options: 0x614 - pdb path: .;C:\Users\aluno\.jdks\jbr-17.0.6\bin;C:\Windows\SYSTEM32;C:\Windows\WinSxS\amd64_microsoft.windows.common-controls_6595b64144ccf1df_6.0.19041.1110_none_60b5254171f9507e;C:\Users\aluno\.jdks\jbr-17.0.6\bin\server

VM Arguments:
jvm_args: -javaagent:C:\Users\aluno\AppData\Local\JetBrains\IntelliJ IDEA Community Edition 2022.3.3\lib\idea_rt.jar=52867:C:\Users\aluno\AppData\Local\JetBrains\IntelliJ IDEA Community Edition 2022.3.3\bin -Dfile.encoding=UTF-8 
java_command: exercicio03.Main
java_class_path (initial): C:\Users\aluno\Music\Conteudo-Desenvolvido-Aulas\3-periodo\Programacao-Orientada-Objeto\aula28-04-2023\atividade\out\production\atividade
Launcher Type: SUN_STANDARD

[Global flags]
     intx CICompilerCount                          = 12                                        {product} {ergonomic}
     uint ConcGCThreads                            = 3                                         {product} {ergonomic}
     uint G1ConcRefinementThreads                  = 13                                        {product} {ergonomic}
   size_t G1HeapRegionSize                         = 2097152                                   {product} {ergonomic}
    uintx GCDrainStackTargetSize                   = 64                                        {product} {ergonomic}
   size_t InitialHeapSize                          = 264241152                                 {product} {ergonomic}
   size_t MarkStackSize                            = 4194304                                   {product} {ergonomic}
   size_t MaxHeapSize                              = 4221566976                                {product} {ergonomic}
   size_t MinHeapDeltaBytes                        = 2097152                                   {product} {ergonomic}
   size_t MinHeapSize                              = 8388608                                   {product} {ergonomic}
    uintx NonNMethodCodeHeapSize                   = 7602480                                {pd product} {ergonomic}
    uintx NonProfiledCodeHeapSize                  = 122027880                              {pd product} {ergonomic}
    uintx ProfiledCodeHeapSize                     = 122027880                              {pd product} {ergonomic}
    uintx ReservedCodeCacheSize                    = 251658240                              {pd product} {ergonomic}
     bool SegmentedCodeCache                       = true                                      {product} {ergonomic}
   size_t SoftMaxHeapSize                          = 4221566976                             {manageable} {ergonomic}
     bool UseCompressedClassPointers               = true                           {product lp64_product} {ergonomic}
     bool UseCompressedOops                        = true                           {product lp64_product} {ergonomic}
     bool UseG1GC                                  = true                                      {product} {ergonomic}
     bool UseLargePagesIndividualAllocation        = false                                  {pd product} {ergonomic}

Logging:
Log output configuration:
 #0: stdout all=warning uptime,level,tags
 #1: stderr all=off uptime,level,tags

Environment Variables:
JAVA_HOME=C:\Program Files\Java\jdk-11.0.12
CLASSPATH=.;%PROGRAMFILES%\Java\jdk-11.0.12\lib
PATH=C:\Program Files (x86)\Common Files\Oracle\Java\javapath;C:\Program Files\Common Files\Oracle\Java\javapath;C:\Python310\Scripts\;C:\Python310\;C:\Windows\system32;C:\Windows;C:\Windows\System32\Wbem;C:\Windows\System32\WindowsPowerShell\v1.0\;C:\Windows\System32\OpenSSH\;C:\vscode;C:\Program Files\Git\cmd;C:\Program Files\Inkscape\bin;C:\Program Files\PuTTY\;C:\ProgramData\chocolatey\bin;%PROGRAMFILES%\Java\jdk-11.0.12\bin;C:\Program Files\Microsoft SQL Server\120\Tools\Binn\;C:\Program Files\Common Files\Autodesk Shared\;C:\apache-maven-3.8.2\bin;;C:\Program Files\Docker\Docker\resources\bin;C:\ProgramData\DockerDesktop\version-bin;C:\Program Files\nodejs\;C:\Users\aluno\AppData\Local\Microsoft\WindowsApps;;C:\Users\aluno\AppData\Local\Programs\Microsoft VS Code\bin;C:\Users\aluno\AppData\Roaming\npm
USERNAME=aluno
OS=Windows_NT
PROCESSOR_IDENTIFIER=Intel64 Family 6 Model 165 Stepping 5, GenuineIntel
TMP=C:\Users\aluno\AppData\Local\Temp
TEMP=C:\Users\aluno\AppData\Local\Temp


JNI global refs:

[error occurred during error reporting (JNI global references), id 0xc0000005, EXCEPTION_ACCESS_VIOLATION (0xc0000005) at pc=0x00007ff8af847a10]


---------------  S Y S T E M  ---------------

OS:
 Windows 10 , 64 bit Build 19041 (10.0.19041.2788)
OS uptime: 4 days 5:07 hours
Hyper-V role detected

CPU: total 16 (initial active 16) (8 cores per cpu, 2 threads per core) family 6 model 165 stepping 5 microcode 0xf4, cx8, cmov, fxsr, ht, mmx, 3dnowpref, sse, sse2, sse3, ssse3, sse4.1, sse4.2, popcnt, lzcnt, tsc, tscinvbit, avx, avx2, aes, erms, clmul, bmi1, bmi2, adx, fma, vzeroupper, clflush, clflushopt, hv

Memory: 4k page, system-wide physical 16098M (680M free)
TotalPageFile size 30268M (AvailPageFile size 2M)
current process WorkingSet (physical memory assigned to process): 11M, peak: 11M
current process commit charge ("private bytes"): 59M, peak: 59M

vm_info: OpenJDK 64-Bit Server VM (17.0.6+10-b829.9) for windows-amd64 JRE (17.0.6+10-b829.9), built on 2023-04-09 by "builduser" with MS VC++ 16.10 / 16.11 (VS2019)

END.
